<TwilioResponse>
    <IncomingPhoneNumber>
        <Sid>PN378279e21f1c90ea1c5377f554978cec</Sid>
        <AccountSid>ACXXXXXXXXXXXXXXXXXXXXXXXXXXXXXXXX</AccountSid>
        <FriendlyName>(500) 555-0006</FriendlyName>
        <PhoneNumber>+15005550006</PhoneNumber>
        <VoiceUrl>http://demo.twilio.com/docs/voice.xml</VoiceUrl>
        <VoiceMethod>POST</VoiceMethod>
        <VoiceFallbackUrl></VoiceFallbackUrl>
        <VoiceFallbackMethod>POST</VoiceFallbackMethod>
        <VoiceCallerIdLookup>false</VoiceCallerIdLookup>
        <DateCreated/><DateUpdated/>
        <SmsUrl></SmsUrl>
        <SmsMethod>POST</SmsMethod>
        <SmsFallbackUrl></SmsFallbackUrl>
        <SmsFallbackMethod>POST</SmsFallbackMethod>
        <Capabilities>
            <Voice>false</Voice>
            <SMS>false</SMS>
        </Capabilities>
        <StatusCallback></StatusCallback>
        <StatusCallbackMethod>POST</StatusCallbackMethod>
        <ApiVersion>2010-04-01</ApiVersion>
        <VoiceApplicationSid></VoiceApplicationSid>
        <SmsApplicationSid></SmsApplicationSid>
        <Uri>/2010-04-01/Accounts/ACXXXXXXXXXXXXXXXXXXXXXXXXXXXXXXXX/IncomingPhoneNumbers/PN378279e21f1c90ea1c5377f554978cec</Uri>
    </IncomingPhoneNumber>
</TwilioResponse>
