<TwilioResponse>
  <Call>
    <Sid>CA7a7a8cbd55adaf0e84dcba31e454e623</Sid>
    <DateCreated>Wed, 10 Oct 2012 22:40:24 +0000</DateCreated>
    <DateUpdated>Wed, 10 Oct 2012 22:40:24 +0000</DateUpdated>
    <ParentCallSid/>
    <AccountSid>ACXXXXXXXXXXXXXXXXXXXXXXXXXXXXXXXX</AccountSid>
    <To>+14108675309</To>
    <ToFormatted>(410) 555-1234</ToFormatted>
    <From>+15005550006</From>
    <FromFormatted>(500) 555-0006</FromFormatted>
    <PhoneNumberSid/>
    <Status>queued</Status>
    <StartTime/>
    <EndTime/>
    <Duration/>
    <Price/>
    <Direction/>
    <AnsweredBy/>
    <ApiVersion/>
    <Annotation/>
    <ForwardedFrom/>
    <GroupSid/>
    <CallerName/>
    <Uri>/2010-04-01/Accounts/ACXXXXXXXXXXXXXXXXXXXXXXXXXXXXXXXX/Calls/CA7a7a8cbd55adaf0e84dcba31e454e623</Uri>
    <SubresourceUris>
      <Notifications>/2010-04-01/Accounts/ACXXXXXXXXXXXXXXXXXXXXXXXXXXXXXXXX/Calls/CA7a7a8cbd55adaf0e84dcba31e454e623/Notifications</Notifications>
      <Recordings>/2010-04-01/Accounts/ACXXXXXXXXXXXXXXXXXXXXXXXXXXXXXXXX/Calls/CA7a7a8cbd55adaf0e84dcba31e454e623/Recordings</Recordings>
    </SubresourceUris>
  </Call>
</TwilioResponse>